17:51:25.867 [main]  INFO  com.intuit.karate - Karate version: 1.4.0
17:51:28.367 [main]  INFO  c.intuit.karate.core.FeatureRuntime - found scenario at line: 3
17:51:38.068 [main]  DEBUG com.intuit.karate - request:
1 > GET https://reqres.in/api/users
1 > Host: reqres.in
1 > Connection: Keep-Alive
1 > User-Agent: Apache-HttpClient/4.5.14 (Java/17.0.2)
1 > Accept-Encoding: gzip,deflate


17:51:39.656 [main]  DEBUG com.intuit.karate - response time in milliseconds: 1571
1 < 200
1 < Date: Mon, 14 Aug 2023 12:21:41 GMT
1 < Content-Type: application/json; charset=utf-8
1 < Transfer-Encoding: chunked
1 < Connection: keep-alive
1 < X-Powered-By: Express
1 < Access-Control-Allow-Origin: *
1 < Etag: W/"3e4-2RLXvr5wTg9YQ6aH95CkYoFNuO8"
1 < Via: 1.1 vegur
1 < Cache-Control: max-age=14400
1 < CF-Cache-Status: HIT
1 < Age: 6734
1 < Report-To: {"endpoints":[{"url":"https:\/\/a.nel.cloudflare.com\/report\/v3?s=zLl6pV4eoUIgM%2B9G6iLr3HNyFIj5PPzLvORmuZF8CqvhDVOBWya2IV%2BvybTe4Qmy5NnTJXBNnSlB6Yms%2FsIct6%2FmCMlhk%2FUGTRIahnGxBhtmfTiqeYM%2BPFjdkg%3D%3D"}],"group":"cf-nel","max_age":604800}
1 < NEL: {"success_fraction":0,"report_to":"cf-nel","max_age":604800}
1 < Vary: Accept-Encoding
1 < Server: cloudflare
1 < CF-RAY: 7f6928b5ee5284ce-BOM
{"page":1,"per_page":6,"total":12,"total_pages":2,"data":[{"id":1,"email":"george.bluth@reqres.in","first_name":"George","last_name":"Bluth","avatar":"https://reqres.in/img/faces/1-image.jpg"},{"id":2,"email":"janet.weaver@reqres.in","first_name":"Janet","last_name":"Weaver","avatar":"https://reqres.in/img/faces/2-image.jpg"},{"id":3,"email":"emma.wong@reqres.in","first_name":"Emma","last_name":"Wong","avatar":"https://reqres.in/img/faces/3-image.jpg"},{"id":4,"email":"eve.holt@reqres.in","first_name":"Eve","last_name":"Holt","avatar":"https://reqres.in/img/faces/4-image.jpg"},{"id":5,"email":"charles.morris@reqres.in","first_name":"Charles","last_name":"Morris","avatar":"https://reqres.in/img/faces/5-image.jpg"},{"id":6,"email":"tracey.ramos@reqres.in","first_name":"Tracey","last_name":"Ramos","avatar":"https://reqres.in/img/faces/6-image.jpg"}],"support":{"url":"https://reqres.in/#support-heading","text":"To keep ReqRes free, contributions towards server costs are appreciated!"}}

17:51:45.454 [main]  INFO  com.intuit.karate.Suite - <<pass>> feature 1 of 1 (0 remaining) src/test/java/Features/APITest.feature
